\BOOKMARK [1][-]{section*.1}{\376\377\004\043\004\101\004\073\004\076\004\062\004\070\004\065}{}% 1
\BOOKMARK [1][-]{section*.2}{\376\377\004\020\004\100\004\105\004\070\004\102\004\065\004\072\004\102\004\103\004\100\004\060\000\040\004\077\004\100\004\076\004\065\004\072\004\102\004\060}{}% 2
\BOOKMARK [1][-]{section*.3}{\376\377\004\034\004\065\004\102\004\076\004\064\000\040\004\100\004\065\004\110\004\065\004\075\004\070\004\117}{}% 3
\BOOKMARK [1][-]{section*.4}{\376\377\004\036\004\077\004\070\004\101\004\060\004\075\004\070\004\065\000\040\004\077\004\100\004\076\004\063\004\100\004\060\004\074\004\074\004\113}{}% 4
\BOOKMARK [2][-]{subsection*.5}{\376\377\004\041\004\065\004\100\004\062\004\065\004\100\000\040\000\050\000s\000e\000r\000v\000e\000r\000\051}{section*.4}% 5
\BOOKMARK [2][-]{subsection*.6}{\376\377\004\032\004\073\004\070\004\065\004\075\004\102\000\040\000\050\000c\000l\000i\000e\000n\000t\000\051}{section*.4}% 6
\BOOKMARK [2][-]{subsection*.7}{\376\377\004\030\004\063\004\100\004\076\004\062\004\076\004\071\000\040\004\077\004\100\004\076\004\106\004\065\004\101\004\101}{section*.4}% 7
\BOOKMARK [1][-]{section*.8}{\376\377\004\036\004\101\004\076\004\061\004\065\004\075\004\075\004\076\004\101\004\102\004\070\000\040\004\100\004\065\004\060\004\073\004\070\004\067\004\060\004\106\004\070\004\070}{}% 8
\BOOKMARK [1][-]{section*.9}{\376\377\004\037\004\100\004\070\004\074\004\065\004\100\000\040\004\100\004\060\004\061\004\076\004\102\004\113\000\040\004\077\004\100\004\076\004\063\004\100\004\060\004\074\004\074\004\113}{}% 9
\BOOKMARK [2][-]{subsection*.10}{\376\377\004\027\004\060\004\077\004\103\004\101\004\072\000\040\004\101\004\065\004\100\004\062\004\065\004\100\004\060}{section*.9}% 10
\BOOKMARK [2][-]{subsection*.11}{\376\377\004\027\004\060\004\077\004\103\004\101\004\072\000\040\004\072\004\073\004\070\004\065\004\075\004\102\004\076\004\062\000\040\004\070\000\040\004\100\004\065\004\063\004\070\004\101\004\102\004\100\004\060\004\106\004\070\004\117}{section*.9}% 11
\BOOKMARK [2][-]{subsection*.12}{\376\377\004\041\004\076\004\067\004\064\004\060\004\075\004\070\004\065\000\040\004\070\000\040\004\077\004\076\004\070\004\101\004\072\000\040\004\070\004\063\004\100\004\113}{section*.9}% 12
\BOOKMARK [2][-]{subsection*.13}{\376\377\004\044\004\060\004\067\004\060\000\040\004\100\004\060\004\101\004\101\004\102\004\060\004\075\004\076\004\062\004\072\004\070\000\040\004\072\004\076\004\100\004\060\004\061\004\073\004\065\004\071}{section*.9}% 13
\BOOKMARK [2][-]{subsection*.14}{\376\377\004\044\004\060\004\067\004\060\000\040\004\061\004\076\004\117}{section*.9}% 14
\BOOKMARK [2][-]{subsection*.15}{\376\377\004\027\004\060\004\062\004\065\004\100\004\110\004\065\004\075\004\070\004\065\000\040\004\070\004\063\004\100\004\113}{section*.9}% 15
\BOOKMARK [2][-]{subsection*.16}{\376\377\004\022\004\113\004\105\004\076\004\064\000\040\004\070\004\067\000\040\004\101\004\070\004\101\004\102\004\065\004\074\004\113}{section*.9}% 16
\BOOKMARK [1][-]{section*.17}{\376\377\004\022\004\113\004\062\004\076\004\064\004\113}{}% 17
\BOOKMARK [2][-]{subsection*.18}{\376\377\004\037\004\100\004\070\004\076\004\061\004\100\004\065\004\102\004\065\004\075\004\075\004\113\004\065\000\040\004\075\004\060\004\062\004\113\004\072\004\070}{section*.17}% 18
\BOOKMARK [2][-]{subsection*.19}{\376\377\004\027\004\060\004\072\004\073\004\116\004\107\004\065\004\075\004\070\004\065}{section*.17}% 19
\BOOKMARK [1][-]{section*.20}{\376\377\004\030\004\101\004\105\004\076\004\064\004\075\004\060\004\117\000\040\004\077\004\100\004\076\004\063\004\100\004\060\004\074\004\074\004\060}{}% 20
\BOOKMARK [1][-]{section*.21}{\376\377\004\041\004\070\004\101\004\102\004\065\004\074\004\075\004\113\004\065\000\040\004\062\004\113\004\067\004\076\004\062\004\113\000\040\004\101\004\065\004\100\004\062\004\065\004\100\004\060}{}% 21
\BOOKMARK [1][-]{section*.22}{\376\377\004\041\004\070\004\101\004\102\004\065\004\074\004\075\004\113\004\065\000\040\004\062\004\113\004\067\004\076\004\062\004\113\000\040\0001\000\040\004\070\004\063\004\100\004\076\004\072\004\060}{}% 22
\BOOKMARK [1][-]{section*.23}{\376\377\004\041\004\070\004\101\004\102\004\065\004\074\004\075\004\113\004\065\000\040\004\062\004\113\004\067\004\076\004\062\004\113\000\040\0002\000\040\004\070\004\063\004\100\004\076\004\072\004\060}{}% 23
